2024-05-29 06:12:09,792 Logout successfully.
2024-05-29 06:12:14,442 LoginForm is valid.
2024-05-29 06:12:14,793 Login user success.
2024-05-29 06:15:19,710 VacancyForm is valid.
2024-05-29 06:15:19,711 Vacancy has been successful updated.
2024-05-29 06:17:32,738 Logout successfully.
2024-05-29 06:18:29,716 UserRegistrationForm and ProfileRegistrationForm are valid.
2024-05-29 06:18:30,094 User created.
2024-05-29 06:18:36,732 LoginForm is valid.
2024-05-29 06:18:37,068 Login user success.
2024-05-29 06:18:39,776 Logout successfully.
2024-05-29 06:18:45,034 LoginForm is valid.
2024-05-29 06:18:45,371 Login user success.
2024-05-29 06:18:57,992 Logout successfully.
2024-05-29 06:24:51,502 UserRegistrationForm or ProfileRegistrationForm aren't valid.
2024-05-29 06:25:17,695 UserRegistrationForm and ProfileRegistrationForm are valid.
2024-05-29 06:25:18,043 User created.
2024-05-29 06:27:27,642 UserRegistrationForm or ProfileRegistrationForm aren't valid.
2024-05-29 06:28:07,711 UserRegistrationForm or ProfileRegistrationForm aren't valid.
2024-05-29 06:28:27,105 UserRegistrationForm or ProfileRegistrationForm aren't valid.
2024-05-29 06:28:46,046 UserRegistrationForm or ProfileRegistrationForm aren't valid.
2024-05-29 06:28:51,340 Logout successfully.
2024-05-29 06:29:00,610 LoginForm is valid.
2024-05-29 06:29:01,184 Login user success.
2024-05-29 06:29:03,573 Logout successfully.
2024-05-29 06:29:16,709 LoginForm is valid.
2024-05-29 06:29:17,064 Login user success.
2024-05-29 11:02:34,713 Logout successfully.
2024-05-29 11:02:36,758 LoginForm is valid.
2024-05-29 11:02:37,145 Login user success.
2024-05-29 11:02:44,073 AddToCartForm is valid.
2024-05-29 11:04:57,687 AddressForm is valid.
2024-05-29 11:05:35,767 AddressForm is valid.
2024-05-29 11:06:34,258 AddressForm is valid.
2024-05-29 11:08:46,495 AddressForm is valid.
2024-05-29 11:08:50,602 AddressForm is valid.
2024-05-29 11:09:48,146 Logout successfully.
2024-05-29 11:10:01,864 LoginForm is valid.
2024-05-29 11:10:03,030 Login user success.
2024-05-29 11:10:10,000 AddToCartForm is valid.
2024-05-29 11:15:22,693 AddressForm is valid.
2024-05-29 11:18:53,005 AddressForm is valid.
2024-05-29 11:24:46,654 AddressForm is valid.
2024-05-29 11:32:23,131 Logout successfully.
2024-05-29 12:17:32,849 LoginForm is valid.
2024-05-29 12:17:34,011 Login user success.
2024-05-29 12:21:24,976 Logout successfully.
2024-05-29 12:23:03,214 LoginForm is valid.
2024-05-29 12:23:04,382 Login user success.
2024-05-29 12:23:47,263 Logout successfully.
2024-05-29 12:23:53,306 LoginForm is valid.
2024-05-29 12:23:54,414 Login user success.
2024-05-29 12:23:59,873 Logout successfully.
2024-05-29 12:24:03,513 LoginForm is valid.
2024-05-29 12:24:04,663 Login user success.
2024-05-29 12:25:17,223 Cart is empty!
2024-05-29 12:25:22,949 AddToCartForm is valid.
2024-05-29 12:25:26,505 AddressForm is valid.
2024-05-29 12:26:06,285 Logout successfully.
2024-05-29 12:26:17,713 LoginForm is valid.
2024-05-29 12:26:19,021 Login user success.
2024-05-29 12:30:56,351 Logout successfully.
2024-05-29 12:54:39,649 LoginForm is valid.
2024-05-29 12:54:40,825 Login user success.
2024-05-29 12:54:46,427 AddToCartForm is valid.
2024-05-29 12:55:08,905 AddressForm is valid.
2024-05-29 12:55:18,690 AddToCartForm is valid.
2024-05-29 12:55:29,764 AddressForm is valid.
2024-05-29 12:55:29,765 Promo code 'sales' applied with discount 50%.
2024-05-29 12:55:37,541 AddressForm is valid.
2024-05-29 12:55:46,318 AddToCartForm is valid.
2024-05-29 12:56:06,337 AddressForm is valid.
2024-05-29 12:56:12,523 AddToCartForm is valid.
2024-05-29 12:56:19,948 AddressForm is valid.
2024-05-29 12:56:19,949 Promo code '50' does not exist.
2024-05-29 12:56:54,348 AddToCartForm is valid.
2024-05-29 12:57:02,774 AddressForm is valid.
2024-05-29 12:58:02,522 AddToCartForm is valid.
2024-05-29 12:58:22,769 AddressForm is valid.
2024-05-29 13:03:21,749 AddToCartForm is valid.
2024-05-29 13:03:33,550 AddressForm is valid.
2024-05-29 13:03:33,551 Promo code 'sales' applied with discount 50%.
2024-05-29 13:09:19,382 AddressForm is valid.
2024-05-29 13:09:19,390 Promo code 'sales' applied with discount 50%.
2024-05-29 13:09:23,293 AddressForm is valid.
2024-05-29 13:09:23,295 Promo code 'sales' applied with discount 50%.
2024-05-29 13:09:45,825 AddressForm is valid.
2024-05-29 13:09:45,825 Promo code 'sales' applied with discount 50%.
2024-05-29 13:11:10,097 AddressForm is valid.
2024-05-29 13:11:10,105 Promo code 'sales' applied with discount 50%.
2024-05-29 13:11:26,454 AddressForm is valid.
2024-05-29 13:11:26,454 Promo code 'sales' applied with discount 50%.
2024-05-29 13:13:22,141 AddressForm is valid.
2024-05-29 13:13:22,142 Promo code 'sales' applied with discount 50%.
2024-05-29 13:16:42,515 Forms are valid.
2024-05-29 13:16:55,309 Forms are valid.
2024-05-29 13:18:48,883 Forms are valid.
2024-05-29 13:18:48,900 Promo code 'sales' applied with discount 50%.
2024-05-29 13:20:07,993 Logout successfully.
2024-05-29 13:31:01,670 LoginForm is valid.
2024-05-29 13:31:02,797 Login user success.
2024-05-29 13:31:14,434 Logout successfully.
2024-05-29 13:31:49,328 LoginForm is valid.
2024-05-29 13:31:49,735 Login user success.
2024-05-29 13:31:51,992 Logout successfully.
2024-05-29 13:31:55,634 LoginForm is valid.
2024-05-29 13:31:56,820 Login user success.
2024-05-29 13:36:38,459 Logout successfully.
2024-05-29 13:39:53,836 LoginForm is valid.
2024-05-29 13:39:54,245 Login user success.
2024-05-29 13:40:04,956 ReviewForm is not valid.
2024-05-29 13:40:39,141 ReviewForm is not valid.
2024-05-29 13:40:42,689 Logout successfully.
2024-05-29 13:40:56,426 LoginForm is valid.
2024-05-29 13:40:57,587 Login user success.
2024-05-29 13:40:57,608 LoginForm is valid.
2024-05-29 13:40:58,777 Login user success.
2024-05-29 13:41:05,787 AddToCartForm is valid.
2024-05-29 13:41:14,800 Forms are valid.
2024-05-29 13:41:14,800 Promo code 'fhsdfhishf' does not exist.
2024-05-29 13:41:16,625 Forms are valid.
2024-05-29 13:41:16,626 Promo code 'fhsdfhishf' does not exist.
2024-05-29 13:41:17,670 Forms are valid.
2024-05-29 13:41:17,671 Promo code 'fhsdfhishf' does not exist.
2024-05-29 13:41:18,212 Forms are valid.
2024-05-29 13:41:18,213 Promo code 'fhsdfhishf' does not exist.
2024-05-29 13:41:18,518 Forms are valid.
2024-05-29 13:41:18,520 Promo code 'fhsdfhishf' does not exist.
2024-05-29 13:41:18,852 Forms are valid.
2024-05-29 13:41:18,854 Promo code 'fhsdfhishf' does not exist.
2024-05-29 13:43:01,505 Forms are valid.
2024-05-29 13:43:01,505 Promo code 'fhsdfhishf' does not exist.
2024-05-29 13:46:36,914 Logout successfully.
2024-05-29 14:18:30,678 LoginForm is valid.
2024-05-29 14:18:31,809 Login user success.
2024-05-29 14:19:01,647 AddToCartForm is valid.
2024-05-29 14:19:10,613 Forms are valid.
2024-05-29 14:19:10,614 Promo code 'sa' does not exist.
2024-05-29 14:19:15,114 Forms are valid.
2024-05-29 14:19:15,149 Promo code 'sales' applied with discount 50%.
2024-05-29 14:19:18,885 Logout successfully.
2024-05-29 14:19:24,006 LoginForm is valid.
2024-05-29 14:19:25,168 Login user success.
2024-05-29 14:23:35,920 Vacancy has been successful deleted.
2024-05-29 15:47:59,650 Logout successfully.
2024-05-29 15:49:30,346 LoginForm is valid.
2024-05-29 15:49:31,564 Login user success.
